[debug] [2022-11-09T21:31:49.957Z] ----------------------------------------------------------------------
[debug] [2022-11-09T21:31:49.959Z] Command:       C:\Program Files\nodejs\node.exe C:\Users\SOHEL\AppData\Roaming\npm\node_modules\firebase-tools\lib\bin\firebase.js deploy
[debug] [2022-11-09T21:31:49.960Z] CLI Version:   11.15.0
[debug] [2022-11-09T21:31:49.960Z] Platform:      win32
[debug] [2022-11-09T21:31:49.960Z] Node Version:  v16.16.0
[debug] [2022-11-09T21:31:49.961Z] Time:          Thu Nov 10 2022 03:31:49 GMT+0600 (Bangladesh Standard Time)
[debug] [2022-11-09T21:31:49.961Z] ----------------------------------------------------------------------
[debug] 
[debug] [2022-11-09T21:31:50.045Z] > command requires scopes: ["email","openid","https://www.googleapis.com/auth/cloudplatformprojects.readonly","https://www.googleapis.com/auth/firebase","https://www.googleapis.com/auth/cloud-platform"]
[debug] [2022-11-09T21:31:50.045Z] > authorizing via signed-in user (contact.riaj@gmail.com)
[debug] [2022-11-09T21:31:50.045Z] [iam] checking project service-review-ms for permissions ["firebase.projects.get","firebasehosting.sites.update"]
[debug] [2022-11-09T21:31:50.048Z] > refreshing access token with scopes: []
[debug] [2022-11-09T21:31:50.050Z] >>> [apiv2][query] POST https://www.googleapis.com/oauth2/v3/token [none]
[debug] [2022-11-09T21:31:50.050Z] >>> [apiv2][body] POST https://www.googleapis.com/oauth2/v3/token [omitted]
[debug] [2022-11-09T21:31:50.512Z] <<< [apiv2][status] POST https://www.googleapis.com/oauth2/v3/token 200
[debug] [2022-11-09T21:31:50.512Z] <<< [apiv2][body] POST https://www.googleapis.com/oauth2/v3/token [omitted]
[debug] [2022-11-09T21:31:50.523Z] >>> [apiv2][query] POST https://cloudresourcemanager.googleapis.com/v1/projects/service-review-ms:testIamPermissions [none]
[debug] [2022-11-09T21:31:50.523Z] >>> [apiv2][(partial)header] POST https://cloudresourcemanager.googleapis.com/v1/projects/service-review-ms:testIamPermissions x-goog-quota-user=projects/service-review-ms
[debug] [2022-11-09T21:31:50.523Z] >>> [apiv2][body] POST https://cloudresourcemanager.googleapis.com/v1/projects/service-review-ms:testIamPermissions {"permissions":["firebase.projects.get","firebasehosting.sites.update"]}
[debug] [2022-11-09T21:31:52.124Z] <<< [apiv2][status] POST https://cloudresourcemanager.googleapis.com/v1/projects/service-review-ms:testIamPermissions 200
[debug] [2022-11-09T21:31:52.125Z] <<< [apiv2][body] POST https://cloudresourcemanager.googleapis.com/v1/projects/service-review-ms:testIamPermissions {"permissions":["firebase.projects.get","firebasehosting.sites.update"]}
[debug] [2022-11-09T21:31:52.126Z] >>> [apiv2][query] GET https://firebase.googleapis.com/v1beta1/projects/service-review-ms [none]
[debug] [2022-11-09T21:31:53.039Z] <<< [apiv2][status] GET https://firebase.googleapis.com/v1beta1/projects/service-review-ms 200
[debug] [2022-11-09T21:31:53.039Z] <<< [apiv2][body] GET https://firebase.googleapis.com/v1beta1/projects/service-review-ms {"projectId":"service-review-ms","projectNumber":"125847673370","displayName":"service-review","name":"projects/service-review-ms","resources":{"hostingSite":"service-review-ms"},"state":"ACTIVE","etag":"1_5c2baea5-5bef-4300-9549-9b4faad162d3"}
[info] 
[info] === Deploying to 'service-review-ms'...
[info] 
[info] i  deploying hosting 
[debug] [2022-11-09T21:31:53.056Z] >>> [apiv2][query] POST https://firebasehosting.googleapis.com/v1beta1/projects/-/sites/service-review-ms/versions [none]
[debug] [2022-11-09T21:31:53.057Z] >>> [apiv2][body] POST https://firebasehosting.googleapis.com/v1beta1/projects/-/sites/service-review-ms/versions {"status":"CREATED","labels":{"deployment-tool":"cli-firebase"}}
